TN:
SF:lib\timezone.ts
FN:30,createBrazilDate
FN:63,parseDateTime
FN:89,formatBrazilTime
FN:109,getBrazilDayOfWeek
FN:134,getBrazilDayNameEn
FN:159,getBrazilDayNumber
FN:179,debugTimezone
FN:200,getBrazilNow
FN:210,formatBrazilDate
FN:220,toBrazilDateString
FN:240,parseDate
FN:250,toLocalISOString
FN:280,toLocalDateString
FN:305,parseDatabaseDateTime
FN:350,extractTimeFromDateTime
FN:373,getBrazilStartOfDay
FN:385,getBrazilEndOfDay
FN:399,generateTimeSlots
FN:441,utcToBrazil
FN:454,brazilToUtc
FNF:20
FNH:5
FNDA:0,createBrazilDate
FNDA:2,parseDateTime
FNDA:0,formatBrazilTime
FNDA:0,getBrazilDayOfWeek
FNDA:0,getBrazilDayNameEn
FNDA:0,getBrazilDayNumber
FNDA:0,debugTimezone
FNDA:0,getBrazilNow
FNDA:0,formatBrazilDate
FNDA:0,toBrazilDateString
FNDA:0,parseDate
FNDA:110,toLocalISOString
FNDA:2,toLocalDateString
FNDA:1220,parseDatabaseDateTime
FNDA:106,extractTimeFromDateTime
FNDA:0,getBrazilStartOfDay
FNDA:0,getBrazilEndOfDay
FNDA:0,generateTimeSlots
FNDA:0,utcToBrazil
FNDA:0,brazilToUtc
DA:17,2
DA:20,2
DA:21,2
DA:30,2
DA:31,0
DA:34,0
DA:35,0
DA:38,0
DA:39,0
DA:42,0
DA:43,0
DA:44,0
DA:46,0
DA:49,0
DA:51,0
DA:52,0
DA:63,2
DA:64,2
DA:65,2
DA:66,2
DA:69,2
DA:71,2
DA:72,0
DA:75,2
DA:77,0
DA:78,0
DA:89,2
DA:90,0
DA:91,0
DA:92,0
DA:93,0
DA:96,0
DA:98,0
DA:99,0
DA:109,2
DA:110,0
DA:115,0
DA:116,0
DA:117,0
DA:118,0
DA:121,0
DA:123,0
DA:124,0
DA:134,2
DA:135,0
DA:140,0
DA:141,0
DA:142,0
DA:143,0
DA:146,0
DA:148,0
DA:149,0
DA:159,2
DA:160,0
DA:161,0
DA:162,0
DA:163,0
DA:166,0
DA:168,0
DA:169,0
DA:179,2
DA:180,0
DA:181,0
DA:182,0
DA:185,0
DA:200,2
DA:201,0
DA:210,2
DA:211,0
DA:220,2
DA:221,0
DA:222,0
DA:223,0
DA:224,0
DA:227,0
DA:229,0
DA:230,0
DA:240,2
DA:241,0
DA:250,2
DA:251,110
DA:252,110
DA:253,0
DA:254,0
DA:258,110
DA:259,110
DA:260,110
DA:261,110
DA:262,110
DA:263,110
DA:266,110
DA:268,0
DA:269,0
DA:280,2
DA:281,2
DA:282,0
DA:283,0
DA:286,2
DA:287,2
DA:288,2
DA:289,2
DA:291,2
DA:293,0
DA:294,0
DA:305,2
DA:306,1220
DA:307,1
DA:310,1219
DA:312,1219
DA:318,1219
DA:320,1219
DA:321,1219
DA:322,1219
DA:325,1219
DA:327,1219
DA:328,0
DA:332,1219
DA:336,0
DA:339,0
DA:340,0
DA:350,2
DA:351,106
DA:352,1
DA:355,105
DA:356,105
DA:357,105
DA:358,105
DA:360,105
DA:362,0
DA:363,0
DA:373,2
DA:374,0
DA:375,0
DA:376,0
DA:385,2
DA:386,0
DA:387,0
DA:388,0
DA:399,2
DA:404,0
DA:406,0
DA:407,0
DA:408,0
DA:410,0
DA:411,0
DA:412,0
DA:415,0
DA:417,0
DA:418,0
DA:419,0
DA:422,0
DA:424,0
DA:425,0
DA:441,2
DA:444,0
DA:454,2
DA:457,0
DA:461,2
LF:158
LH:63
BRDA:34,0,0,0
BRDA:34,0,1,0
BRDA:42,1,0,0
BRDA:42,1,1,0
BRDA:71,2,0,0
BRDA:71,2,1,2
BRDA:89,3,0,0
BRDA:91,4,0,0
BRDA:91,4,1,0
BRDA:91,5,0,0
BRDA:91,5,1,0
BRDA:116,6,0,0
BRDA:116,6,1,0
BRDA:116,7,0,0
BRDA:116,7,1,0
BRDA:141,8,0,0
BRDA:141,8,1,0
BRDA:141,9,0,0
BRDA:141,9,1,0
BRDA:161,10,0,0
BRDA:161,10,1,0
BRDA:161,11,0,0
BRDA:161,11,1,0
BRDA:179,12,0,0
BRDA:180,13,0,0
BRDA:180,13,1,0
BRDA:180,14,0,0
BRDA:180,14,1,0
BRDA:222,15,0,0
BRDA:222,15,1,0
BRDA:222,16,0,0
BRDA:222,16,1,0
BRDA:252,17,0,0
BRDA:252,17,1,110
BRDA:252,18,0,110
BRDA:252,18,1,110
BRDA:281,19,0,0
BRDA:281,19,1,2
BRDA:281,20,0,2
BRDA:281,20,1,2
BRDA:306,21,0,1
BRDA:306,21,1,1219
BRDA:318,22,0,1219
BRDA:318,22,1,0
BRDA:318,23,0,1219
BRDA:318,23,1,1219
BRDA:322,24,0,0
BRDA:327,25,0,0
BRDA:327,25,1,1219
BRDA:351,26,0,1
BRDA:351,26,1,105
BRDA:400,27,0,0
BRDA:401,28,0,0
BRDA:402,29,0,0
BRDA:410,30,0,0
BRDA:410,30,1,0
BRDA:410,31,0,0
BRDA:410,31,1,0
BRF:58
BRH:15
end_of_record
