TN:
SF:lib\timezone.ts
FN:30,createBrazilDate
FN:63,parseDateTime
FN:89,formatBrazilTime
FN:113,getBrazilDayOfWeek
FN:142,getBrazilDayNameEn
FN:167,getBrazilDayNumber
FN:187,debugTimezone
FN:214,createBrazilDateOnly
FN:250,formatBrazilDateOnly
FN:292,parseBirthDate
FN:304,addTimeToBrazilDate
FN:323,getBrazilNow
FN:333,(anonymous_12)
FN:371,startOfBrazilDay
FN:377,endOfBrazilDay
FN:383,getBrazilDateParts
FN:390,(anonymous_16)
FN:402,brazilDateTimeToUtc
FN:415,diffBrazilDays
FN:422,normalizeSubscriptionEnd
FN:432,formatBrazilDate
FN:442,toBrazilDateString
FN:462,parseDate
FN:472,toLocalISOString
FN:504,toLocalDateString
FN:532,parseDatabaseDateTime
FN:577,extractTimeFromDateTime
FN:600,getBrazilStartOfDay
FN:612,getBrazilEndOfDay
FN:626,generateTimeSlots
FN:668,utcToBrazil
FN:681,brazilToUtc
FN:708,extractTimeFromDateObject
FNF:33
FNH:5
FNDA:0,createBrazilDate
FNDA:2,parseDateTime
FNDA:0,formatBrazilTime
FNDA:0,getBrazilDayOfWeek
FNDA:0,getBrazilDayNameEn
FNDA:0,getBrazilDayNumber
FNDA:0,debugTimezone
FNDA:0,createBrazilDateOnly
FNDA:0,formatBrazilDateOnly
FNDA:0,parseBirthDate
FNDA:0,addTimeToBrazilDate
FNDA:0,getBrazilNow
FNDA:0,(anonymous_12)
FNDA:0,startOfBrazilDay
FNDA:0,endOfBrazilDay
FNDA:0,getBrazilDateParts
FNDA:0,(anonymous_16)
FNDA:0,brazilDateTimeToUtc
FNDA:0,diffBrazilDays
FNDA:0,normalizeSubscriptionEnd
FNDA:0,formatBrazilDate
FNDA:0,toBrazilDateString
FNDA:0,parseDate
FNDA:110,toLocalISOString
FNDA:2,toLocalDateString
FNDA:1220,parseDatabaseDateTime
FNDA:106,extractTimeFromDateTime
FNDA:0,getBrazilStartOfDay
FNDA:0,getBrazilEndOfDay
FNDA:0,generateTimeSlots
FNDA:0,utcToBrazil
FNDA:0,brazilToUtc
FNDA:0,extractTimeFromDateObject
DA:17,2
DA:20,2
DA:21,2
DA:30,2
DA:31,0
DA:34,0
DA:35,0
DA:38,0
DA:39,0
DA:42,0
DA:43,0
DA:44,0
DA:46,0
DA:49,0
DA:51,0
DA:52,0
DA:63,2
DA:64,2
DA:65,2
DA:66,2
DA:69,2
DA:71,2
DA:72,0
DA:75,2
DA:77,0
DA:78,0
DA:89,2
DA:90,0
DA:91,0
DA:92,0
DA:93,0
DA:95,0
DA:98,0
DA:100,0
DA:101,0
DA:103,0
DA:113,2
DA:114,0
DA:119,0
DA:120,0
DA:121,0
DA:122,0
DA:124,0
DA:127,0
DA:129,0
DA:130,0
DA:132,0
DA:142,2
DA:143,0
DA:148,0
DA:149,0
DA:150,0
DA:151,0
DA:154,0
DA:156,0
DA:157,0
DA:167,2
DA:168,0
DA:169,0
DA:170,0
DA:171,0
DA:174,0
DA:176,0
DA:177,0
DA:187,2
DA:188,0
DA:189,0
DA:190,0
DA:192,0
DA:195,0
DA:196,0
DA:214,2
DA:215,0
DA:216,0
DA:218,0
DA:221,0
DA:224,0
DA:227,0
DA:229,0
DA:230,0
DA:237,0
DA:239,0
DA:240,0
DA:250,2
DA:251,0
DA:252,0
DA:256,0
DA:258,0
DA:260,0
DA:263,0
DA:266,0
DA:269,0
DA:270,0
DA:271,0
DA:275,0
DA:276,0
DA:277,0
DA:279,0
DA:281,0
DA:282,0
DA:292,2
DA:293,0
DA:304,2
DA:305,0
DA:308,0
DA:315,0
DA:323,2
DA:326,0
DA:327,0
DA:333,0
DA:334,0
DA:335,0
DA:336,0
DA:337,0
DA:338,0
DA:339,0
DA:344,0
DA:348,0
DA:351,0
DA:352,0
DA:353,0
DA:354,0
DA:355,0
DA:356,0
DA:358,0
DA:360,0
DA:361,0
DA:363,0
DA:371,2
DA:372,0
DA:373,0
DA:377,2
DA:378,0
DA:379,0
DA:383,2
DA:384,0
DA:390,0
DA:391,0
DA:402,2
DA:403,0
DA:405,0
DA:406,0
DA:407,0
DA:408,0
DA:410,0
DA:415,2
DA:416,0
DA:417,0
DA:418,0
DA:422,2
DA:423,0
DA:432,2
DA:433,0
DA:442,2
DA:443,0
DA:444,0
DA:445,0
DA:446,0
DA:449,0
DA:451,0
DA:452,0
DA:462,2
DA:463,0
DA:472,2
DA:473,110
DA:474,110
DA:475,0
DA:476,0
DA:480,110
DA:481,110
DA:482,110
DA:483,110
DA:484,110
DA:485,110
DA:486,110
DA:490,110
DA:492,0
DA:493,0
DA:504,2
DA:505,2
DA:506,0
DA:507,0
DA:508,0
DA:511,2
DA:512,2
DA:513,2
DA:514,2
DA:516,2
DA:518,0
DA:520,0
DA:521,0
DA:532,2
DA:533,1220
DA:534,1
DA:537,1219
DA:539,1219
DA:545,1219
DA:547,1219
DA:548,1219
DA:549,1219
DA:552,1219
DA:554,1219
DA:555,0
DA:559,1219
DA:563,0
DA:566,0
DA:567,0
DA:577,2
DA:578,106
DA:579,1
DA:582,105
DA:583,105
DA:584,105
DA:585,105
DA:587,105
DA:589,0
DA:590,0
DA:600,2
DA:601,0
DA:602,0
DA:603,0
DA:612,2
DA:613,0
DA:614,0
DA:615,0
DA:626,2
DA:631,0
DA:633,0
DA:634,0
DA:635,0
DA:637,0
DA:638,0
DA:639,0
DA:642,0
DA:644,0
DA:645,0
DA:646,0
DA:649,0
DA:651,0
DA:652,0
DA:668,2
DA:671,0
DA:681,2
DA:684,0
DA:688,2
DA:689,0
DA:708,2
DA:709,0
DA:710,0
DA:711,0
DA:715,0
DA:716,0
DA:718,0
LF:253
LH:75
BRDA:34,0,0,0
BRDA:34,0,1,0
BRDA:42,1,0,0
BRDA:42,1,1,0
BRDA:71,2,0,0
BRDA:71,2,1,2
BRDA:89,3,0,0
BRDA:91,4,0,0
BRDA:91,4,1,0
BRDA:91,5,0,0
BRDA:91,5,1,0
BRDA:92,6,0,0
BRDA:92,6,1,0
BRDA:100,7,0,0
BRDA:100,7,1,0
BRDA:120,8,0,0
BRDA:120,8,1,0
BRDA:120,9,0,0
BRDA:120,9,1,0
BRDA:121,10,0,0
BRDA:121,10,1,0
BRDA:129,11,0,0
BRDA:129,11,1,0
BRDA:149,12,0,0
BRDA:149,12,1,0
BRDA:149,13,0,0
BRDA:149,13,1,0
BRDA:169,14,0,0
BRDA:169,14,1,0
BRDA:169,15,0,0
BRDA:169,15,1,0
BRDA:187,16,0,0
BRDA:188,17,0,0
BRDA:188,17,1,0
BRDA:188,18,0,0
BRDA:188,18,1,0
BRDA:189,19,0,0
BRDA:189,19,1,0
BRDA:195,20,0,0
BRDA:195,20,1,0
BRDA:216,21,0,0
BRDA:216,21,1,0
BRDA:221,22,0,0
BRDA:221,22,1,0
BRDA:229,23,0,0
BRDA:229,23,1,0
BRDA:252,24,0,0
BRDA:252,24,1,0
BRDA:256,25,0,0
BRDA:256,25,1,0
BRDA:258,26,0,0
BRDA:258,26,1,0
BRDA:269,27,0,0
BRDA:269,27,1,0
BRDA:304,28,0,0
BRDA:333,29,0,0
BRDA:333,29,1,0
BRDA:352,30,0,0
BRDA:352,30,1,0
BRDA:352,30,2,0
BRDA:352,31,0,0
BRDA:352,31,1,0
BRDA:352,32,0,0
BRDA:352,32,1,0
BRDA:354,33,0,0
BRDA:354,33,1,0
BRDA:355,34,0,0
BRDA:355,34,1,0
BRDA:360,35,0,0
BRDA:360,35,1,0
BRDA:390,36,0,0
BRDA:390,36,1,0
BRDA:402,37,0,0
BRDA:406,38,0,0
BRDA:406,38,1,0
BRDA:406,38,2,0
BRDA:406,39,0,0
BRDA:406,39,1,0
BRDA:406,40,0,0
BRDA:406,40,1,0
BRDA:408,41,0,0
BRDA:408,41,1,0
BRDA:444,42,0,0
BRDA:444,42,1,0
BRDA:444,43,0,0
BRDA:444,43,1,0
BRDA:474,44,0,0
BRDA:474,44,1,110
BRDA:474,45,0,110
BRDA:474,45,1,110
BRDA:505,46,0,0
BRDA:505,46,1,2
BRDA:505,47,0,2
BRDA:505,47,1,2
BRDA:533,48,0,1
BRDA:533,48,1,1219
BRDA:545,49,0,1219
BRDA:545,49,1,0
BRDA:545,50,0,1219
BRDA:545,50,1,1219
BRDA:549,51,0,0
BRDA:554,52,0,0
BRDA:554,52,1,1219
BRDA:578,53,0,1
BRDA:578,53,1,105
BRDA:627,54,0,0
BRDA:628,55,0,0
BRDA:629,56,0,0
BRDA:637,57,0,0
BRDA:637,57,1,0
BRDA:637,58,0,0
BRDA:637,58,1,0
BRDA:688,59,0,0
BRDA:688,59,1,2
BRDA:709,60,0,0
BRDA:709,60,1,0
BRDA:709,61,0,0
BRDA:709,61,1,0
BRF:118
BRH:16
end_of_record
